<?xml version="1.0" encoding="UTF-8" standalone="no"?>
<window xmlns="http://schemas.haulmont.com/cuba/window.xsd"
        caption="msg://browseCaption"
        class="com.company.navigationeditor.web.test.TestBrowse"
        focusComponent="testsTable"
        lookupComponent="testsTable"
        messagesPack="com.company.navigationeditor.web.test">
    <dsContext>
        <datasource id="testDs"
                    class="com.company.navigationeditor.entity.Test"
                    view="_local"/>
        <collectionDatasource id="testsDs"
                              class="com.company.navigationeditor.entity.Test"
                              view="_local">
            <query>
                <![CDATA[select e from ne$Test e]]>
            </query>
        </collectionDatasource>
    </dsContext>
    <actions>
        <action id="save"
                caption="mainMsg://actions.Ok"
                icon="icons/ok.png"
                invoke="save"
                shortcut="CTRL-ENTER"/>
        <action id="cancel"
                caption="mainMsg://actions.Cancel"
                icon="icons/cancel.png"
                invoke="cancel"/>
    </actions>
    <dialogMode height="600"
                width="800"/>
    <layout>
        <split id="split"
               height="100%"
               orientation="horizontal"
               reversePosition="true"
               width="100%">
            <vbox id="lookupBox"
                  expand="testsTable"
                  height="100%"
                  margin="false,true,false,false"
                  spacing="true">
                <filter id="filter"
                        applyTo="testsTable"
                        datasource="testsDs">
                    <properties include=".*"/>
                </filter>
                <table id="testsTable"
                       width="100%">
                    <actions>
                        <action id="create"/>
                        <action id="edit"/>
                        <action id="remove"/>
                    </actions>
                    <columns>
                        <column id="name"/>
                    </columns>
                    <rows datasource="testsDs"/>
                    <rowsCount/>
                    <buttonsPanel id="buttonsPanel"
                                  alwaysVisible="true">
                        <button id="createBtn"
                                action="testsTable.create"/>
                        <button id="editBtn"
                                action="testsTable.edit"/>
                        <button id="removeBtn"
                                action="testsTable.remove"/>
                    </buttonsPanel>
                </table>
            </vbox>
            <vbox id="editBox"
                  expand="fieldGroupBox"
                  height="100%"
                  margin="false,false,false,true"
                  spacing="true">
                <vbox id="fieldGroupBox">
                    <fieldGroup id="fieldGroup"
                                datasource="testDs">
                        <column width="250px">
                            <field id="name"/>
                        </column>
                    </fieldGroup>
                </vbox>
                <hbox id="actionsPane"
                      spacing="true"
                      visible="false">
                    <button id="saveBtn"
                            action="save"/>
                    <button id="cancelBtn"
                            action="cancel"/>
                </hbox>
            </vbox>
        </split>
    </layout>
</window>
